<?xml version="1.0" encoding="UTF-8"?>
<!-- Generated by org.testng.reporters.JUnitReportReporter -->
<testsuite hostname="DESKTOP-QB131GQ" failures="0" tests="1" name="teClasPack.Post__TC___1" time="9.519" errors="0" timestamp="2023-05-29T08:01:10 IST" skipped="0">
  <testcase classname="teClasPack.Post__TC___1" name="execute" time="9.519"/>
  <system-out/>
</testsuite> <!-- teClasPack.Post__TC___1 -->
